<?xml version="1.0" encoding="UTF-8"?>
<!-- Generated by org.testng.reporters.JUnitXMLReporter -->
<testsuite ignored="0" hostname="fox" failures="1" tests="1" name="Default test" time="0.804" errors="0" timestamp="01 Apr 2019 10:09:31 GMT">
  <testcase classname="cucumber.api.testng.AbstractTestNGCucumberTests" name="runScenario" time="0.137">
    <failure type="java.lang.NullPointerException">
      <![CDATA[java.lang.NullPointerException
at org.openqa.selenium.support.pagefactory.DefaultElementLocator.findElement(DefaultElementLocator.java:69)
at org.openqa.selenium.support.pagefactory.internal.LocatingElementHandler.invoke(LocatingElementHandler.java:38)
at com.sun.proxy.$Proxy24.click(Unknown Source)
at pages.pageBase.clickWebElement(pageBase.java:17)
at pages.HomePage.openRegisterationpage(HomePage.java:44)
at steps.userRegistration.the_user_in_the_home_page(userRegistration.java:18)
at ✽.the user in the home page(file:src/test/java/features/userRegisteraion.feature:5)
]]>
    </failure>
  </testcase> <!-- runScenario -->
</testsuite> <!-- Default test -->
