<?xml version="1.0" encoding="UTF-8"?>
<testng-results ignored="0" total="1" passed="1" failed="0" skipped="0">
  <reporter-output>
  </reporter-output>
  <suite started-at="2019-03-18T09:53:35Z" name="nopCommerceSuite" finished-at="2019-03-18T09:53:41Z" duration-ms="6788">
    <groups>
    </groups>
    <test started-at="2019-03-18T09:53:35Z" name="Test" finished-at="2019-03-18T09:53:41Z" duration-ms="6788">
      <class name="tests.LoginPageTestCase">
        <test-method is-config="true" signature="startDriver(java.lang.String)[pri:0, instance:tests.LoginPageTestCase@1b7cc17c]" started-at="2019-03-18T09:53:28Z" name="startDriver" finished-at="2019-03-18T09:53:35Z" duration-ms="6331" status="PASS">
          <params>
            <param index="0">
              <value>
                <![CDATA[chrome]]>
              </value>
            </param>
          </params>
          <reporter-output>
          </reporter-output>
        </test-method> <!-- startDriver -->
        <test-method signature="loginignWithCorrectUserCreditintials()[pri:0, instance:tests.LoginPageTestCase@1b7cc17c]" started-at="2019-03-18T09:53:35Z" name="loginignWithCorrectUserCreditintials" finished-at="2019-03-18T09:53:41Z" duration-ms="6767" status="PASS">
          <reporter-output>
          </reporter-output>
        </test-method> <!-- loginignWithCorrectUserCreditintials -->
        <test-method is-config="true" signature="failuersScreenShot(org.testng.ITestResult)[pri:0, instance:tests.LoginPageTestCase@1b7cc17c]" started-at="2019-03-18T09:53:41Z" name="failuersScreenShot" finished-at="2019-03-18T09:53:41Z" duration-ms="1" status="PASS">
          <params>
            <param index="0">
              <value>
                <![CDATA[[TestResult name=loginignWithCorrectUserCreditintials status=SUCCESS method=LoginPageTestCase.loginignWithCorrectUserCreditintials()[pri:0, instance:tests.LoginPageTestCase@1b7cc17c] output={null}]]]>
              </value>
            </param>
          </params>
          <reporter-output>
          </reporter-output>
        </test-method> <!-- failuersScreenShot -->
        <test-method is-config="true" signature="killDriver()[pri:0, instance:tests.LoginPageTestCase@1b7cc17c]" started-at="2019-03-18T09:53:41Z" name="killDriver" finished-at="2019-03-18T09:53:42Z" duration-ms="638" status="PASS">
          <reporter-output>
          </reporter-output>
        </test-method> <!-- killDriver -->
      </class> <!-- tests.LoginPageTestCase -->
    </test> <!-- Test -->
  </suite> <!-- nopCommerceSuite -->
</testng-results>
