<?xml version="1.0" encoding="UTF-8"?>
<!-- Generated by org.testng.reporters.JUnitXMLReporter -->
<testsuite hostname="DESKTOP-RC23JAH" ignored="0" name="Test" tests="3" failures="0" timestamp="14 Mar 2019 06:55:12 GMT" time="17.988" errors="0">
  <testcase name="registerUSer" time="9.123" classname="tests.EmailProductToAFriend"/>
  <testcase name="findMacAutoComplete" time="7.219" classname="tests.EmailProductToAFriend"/>
  <testcase name="emailingCases" time="1.61" classname="tests.EmailProductToAFriend"/>
</testsuite> <!-- Test -->
