<?xml version="1.0" encoding="UTF-8"?>
<!-- Generated by org.testng.reporters.JUnitXMLReporter -->
<testsuite ignored="0" hostname="DESKTOP-RC23JAH" failures="0" tests="3" name="Test" time="23.042" errors="0" timestamp="19 Mar 2019 09:47:13 GMT">
  <testcase classname="tests.RegisterationTestCasesWithDttAndExcel" name="registerUSer" time="8.556"/>
  <testcase classname="tests.RegisterationTestCasesWithDttAndExcel" name="registerUSer" time="7.103"/>
  <testcase classname="tests.RegisterationTestCasesWithDttAndExcel" name="registerUSer" time="6.868"/>
</testsuite> <!-- Test -->
