<?xml version="1.0" encoding="UTF-8"?>
<testng-results skipped="0" failed="0" ignored="0" total="1" passed="1">
  <reporter-output>
  </reporter-output>
  <suite name="nopCommerceSuite" duration-ms="2376" started-at="2019-03-13T08:00:54Z" finished-at="2019-03-13T08:00:56Z">
    <groups>
    </groups>
    <test name="Test" duration-ms="2376" started-at="2019-03-13T08:00:54Z" finished-at="2019-03-13T08:00:56Z">
      <class name="tests.FindProjectTestCase">
        <test-method status="PASS" signature="startDriver(java.lang.String)[pri:0, instance:tests.FindProjectTestCase@4b9e13df]" name="startDriver" is-config="true" duration-ms="10214" started-at="2019-03-13T08:00:43Z" finished-at="2019-03-13T08:00:54Z">
          <params>
            <param index="0">
              <value>
                <![CDATA[chrome]]>
              </value>
            </param>
          </params>
          <reporter-output>
          </reporter-output>
        </test-method> <!-- startDriver -->
        <test-method status="PASS" signature="findTheMac()[pri:0, instance:tests.FindProjectTestCase@4b9e13df]" name="findTheMac" duration-ms="2348" started-at="2019-03-13T08:00:54Z" finished-at="2019-03-13T08:00:56Z">
          <reporter-output>
          </reporter-output>
        </test-method> <!-- findTheMac -->
        <test-method status="PASS" signature="failuersScreenShot(org.testng.ITestResult)[pri:0, instance:tests.FindProjectTestCase@4b9e13df]" name="failuersScreenShot" is-config="true" duration-ms="2" started-at="2019-03-13T08:00:56Z" finished-at="2019-03-13T08:00:56Z">
          <params>
            <param index="0">
              <value>
                <![CDATA[[TestResult name=findTheMac status=SUCCESS method=FindProjectTestCase.findTheMac()[pri:0, instance:tests.FindProjectTestCase@4b9e13df] output={null}]]]>
              </value>
            </param>
          </params>
          <reporter-output>
          </reporter-output>
        </test-method> <!-- failuersScreenShot -->
        <test-method status="PASS" signature="killDriver()[pri:0, instance:tests.FindProjectTestCase@4b9e13df]" name="killDriver" is-config="true" duration-ms="653" started-at="2019-03-13T08:00:56Z" finished-at="2019-03-13T08:00:57Z">
          <reporter-output>
          </reporter-output>
        </test-method> <!-- killDriver -->
      </class> <!-- tests.FindProjectTestCase -->
    </test> <!-- Test -->
  </suite> <!-- nopCommerceSuite -->
</testng-results>
