<?xml version="1.0" encoding="UTF-8"?>
<testng-results ignored="0" total="1" passed="1" failed="0" skipped="0">
  <reporter-output>
  </reporter-output>
  <suite started-at="2019-03-24T07:29:29Z" name="nopCommerceSuite" finished-at="2019-03-24T07:29:39Z" duration-ms="9497">
    <groups>
    </groups>
    <test started-at="2019-03-24T07:29:29Z" name="Test" finished-at="2019-03-24T07:29:39Z" duration-ms="9497">
      <class name="tests.RegisterationTestCasesDttWithJSON">
        <test-method is-config="true" signature="startDriver(java.lang.String)[pri:0, instance:tests.RegisterationTestCasesDttWithJSON@5aebe890]" started-at="2019-03-24T07:29:23Z" name="startDriver" finished-at="2019-03-24T07:29:29Z" duration-ms="6089" status="PASS">
          <params>
            <param index="0">
              <value>
                <![CDATA[chrome]]>
              </value>
            </param>
          </params>
          <reporter-output>
          </reporter-output>
        </test-method> <!-- startDriver -->
        <test-method signature="registerUSer()[pri:0, instance:tests.RegisterationTestCasesDttWithJSON@5aebe890]" started-at="2019-03-24T07:29:29Z" name="registerUSer" finished-at="2019-03-24T07:29:39Z" duration-ms="9476" status="PASS">
          <reporter-output>
          </reporter-output>
        </test-method> <!-- registerUSer -->
        <test-method is-config="true" signature="failuersScreenShot(org.testng.ITestResult)[pri:0, instance:tests.RegisterationTestCasesDttWithJSON@5aebe890]" started-at="2019-03-24T07:29:39Z" name="failuersScreenShot" finished-at="2019-03-24T07:29:39Z" duration-ms="0" status="PASS">
          <params>
            <param index="0">
              <value>
                <![CDATA[[TestResult name=registerUSer status=SUCCESS method=RegisterationTestCasesDttWithJSON.registerUSer()[pri:0, instance:tests.RegisterationTestCasesDttWithJSON@5aebe890] output={null}]]]>
              </value>
            </param>
          </params>
          <reporter-output>
          </reporter-output>
        </test-method> <!-- failuersScreenShot -->
        <test-method is-config="true" signature="killDriver()[pri:0, instance:tests.RegisterationTestCasesDttWithJSON@5aebe890]" started-at="2019-03-24T07:29:39Z" name="killDriver" finished-at="2019-03-24T07:29:39Z" duration-ms="610" status="PASS">
          <reporter-output>
          </reporter-output>
        </test-method> <!-- killDriver -->
      </class> <!-- tests.RegisterationTestCasesDttWithJSON -->
    </test> <!-- Test -->
  </suite> <!-- nopCommerceSuite -->
</testng-results>
