<?xml version="1.0" encoding="UTF-8"?>
<!-- Generated by org.testng.reporters.JUnitReportReporter -->
<testsuite hostname="fox" failures="0" tests="1" name="runner.TestRunner" time="0.582" errors="1" timestamp="01 Apr 2019 10:09:32 GMT" skipped="0">
  <testcase classname="runner.TestRunner" name="runScenario" time="0.582">
    <error type="java.lang.NullPointerException">
      <![CDATA[java.lang.NullPointerException
at org.openqa.selenium.support.pagefactory.DefaultElementLocator.findElement(DefaultElementLocator.java:69)
at org.openqa.selenium.support.pagefactory.internal.LocatingElementHandler.invoke(LocatingElementHandler.java:38)
at com.sun.proxy.$Proxy24.click(Unknown Source)
at pages.pageBase.clickWebElement(pageBase.java:17)
at pages.HomePage.openRegisterationpage(HomePage.java:44)
at steps.userRegistration.the_user_in_the_home_page(userRegistration.java:18)
at ✽.the user in the home page(file:src/test/java/features/userRegisteraion.feature:5)
]]>
    </error>
  </testcase> <!-- runScenario -->
</testsuite> <!-- runner.TestRunner -->
